[35m[Appium][39m Welcome to Appium v2.5.0
[35m[Appium][39m Non-default server args:
[35m[Appium][39m { basePath: [32m'/wd/hub'[39m, loglevel: [32m'info'[39m, port: [33m50732[39m }
[35m[Appium][39m Attempting to load driver uiautomator2...
[35m[Appium][39m Appium REST http interface listener started on http://0.0.0.0:50732/wd/hub
[35m[Appium][39m You can provide the following URLs in your client code to connect to this server:
[35m[Appium][39m 	http://172.16.213.181:50732/wd/hub
[35m[Appium][39m 	http://127.0.0.1:50732/wd/hub (only accessible from the same host)
[35m[Appium][39m 	http://172.26.160.1:50732/wd/hub
[35m[Appium][39m Available drivers:
[35m[Appium][39m   - uiautomator2@3.0.0 (automationName 'UiAutomator2')
[35m[Appium][39m No plugins have been installed. Use the "appium plugin" command to install the one(s) you want to use.
[38;5;0m[HTTP][0m [37m-->[39m [37mGET[39m [37m/wd/hub/status[39m
[38;5;0m[HTTP][0m [90m{}[39m
[38;5;0m[HTTP][0m [37m<-- GET /wd/hub/status [39m[32m200[39m [90m5 ms - 110[39m
[38;5;0m[HTTP][0m [90m[39m
[38;5;0m[HTTP][0m [37m-->[39m [37mGET[39m [37m/wd/hub/status[39m
[38;5;0m[HTTP][0m [90m{}[39m
[38;5;0m[HTTP][0m [37m<-- GET /wd/hub/status [39m[32m200[39m [90m1 ms - 110[39m
[38;5;0m[HTTP][0m [90m[39m
[38;5;0m[HTTP][0m [37m-->[39m [37mPOST[39m [37m/wd/hub/session[39m
[38;5;0m[HTTP][0m [90m{"desiredCapabilities":{"appium:systemPort":8244,"appium:udid":"emulator-5554","appium:autoGrantPermissions":true,"appium:newCommandTimeout":1800,"appium:platformName":"ANDROID","appium:appActivity":".Settings","appium:deviceName":"emulator-5554 (sdk_gphone_x86 - Android 11)","platformName":"Android","appium:automationName":"uiautomator2","appium:platformVersion":"11","appium:appPackage":"com.android.settings"},"capabilities":{"firstMatch":[{"appium:appActivity":".Settings","appium:appPackage":"com.android.settings","appium:autoGrantPermissions":true,"appium:automationName":"uiautomator2","appium:deviceName":"emulator-5554 (sdk_gphone_x86 - Android 11)","appium:newCommandTimeout":1800,"appium:platformName":"ANDROID","appium:platformVersion":"11","appium:systemPort":8244,"appium:udid":"emulator-5554","platformName":"android"}]}}[39m
[38;5;32m[BaseDriver][0m Ignoring capability 'appium:platformName=ANDROID' and using capability 'platformName=android'
[38;5;32m[BaseDriver][0m The capabilities ["platformName"] are standard capabilities and do not require "appium:" prefix
[35m[Appium][39m Attempting to find matching driver for automationName 'uiautomator2' and platformName 'android'
[35m[Appium][39m The 'uiautomator2' driver was installed and matched caps.
[35m[Appium][39m Will require it at C:\Users\Maulana Y\.appium\node_modules\appium-uiautomator2-driver
[38;5;16m[AppiumDriver@f148][0m Appium v2.5.0 creating new AndroidUiautomator2Driver (v3.0.0) session
[38;5;16m[AppiumDriver@f148][0m Checking BaseDriver versions for Appium and AndroidUiautomator2Driver
[38;5;16m[AppiumDriver@f148][0m Appium's BaseDriver version is 9.5.1
[38;5;16m[AppiumDriver@f148][0m AndroidUiautomator2Driver's BaseDriver version is 9.5.1
[38;5;48m[AndroidUiautomator2Driver@d6c8 (868e242f)][0m Session created with session id: 868e242f-587c-40bf-bb43-798d5fa4d7a3
[38;5;64m[ADB][0m Found 1 'build-tools' folders under 'C:\Users\Maulana Y\.katalon\tools\android_sdk' (newest first):
[38;5;64m[ADB][0m     C:\Users\Maulana Y\.katalon\tools\android_sdk\build-tools\29.0.3
[38;5;64m[ADB][0m Using 'adb.exe' from 'C:\Users\Maulana Y\.katalon\tools\android_sdk\platform-tools\adb.exe'
[38;5;48m[AndroidUiautomator2Driver@d6c8 (868e242f)][0m Retrieving device list
[38;5;48m[AndroidUiautomator2Driver@d6c8 (868e242f)][0m Using device: emulator-5554
[38;5;64m[ADB][0m Using 'adb.exe' from 'C:\Users\Maulana Y\.katalon\tools\android_sdk\platform-tools\adb.exe'
[38;5;48m[AndroidUiautomator2Driver@d6c8 (868e242f)][0m Starting 'com.android.settings' directly on the device
[38;5;64m[ADB][0m Getting device platform version
[38;5;48m[AndroidUiautomator2Driver@d6c8 (868e242f)][0m Relaxing hidden api policy
[38;5;48m[AndroidUiautomator2Driver@d6c8 (868e242f)][0m No app sent in, not parsing package/activity
[38;5;64m[ADB][0m Using 'apksigner.jar' from 'C:\Users\Maulana Y\.katalon\tools\android_sdk\build-tools\29.0.3\lib\apksigner.jar'
[38;5;64m[ADB][0m 'C:\Users\Maulana Y\.appium\node_modules\appium-uiautomator2-driver\node_modules\appium-uiautomator2-server\apks\appium-uiautomator2-server-debug-androidTest.apk' is signed with the default certificate
[38;5;64m[ADB][0m 'C:\Users\Maulana Y\.appium\node_modules\appium-uiautomator2-driver\node_modules\appium-uiautomator2-server\apks\appium-uiautomator2-server-v7.0.0.apk' is signed with the default certificate
[38;5;48m[AndroidUiautomator2Driver@d6c8 (868e242f)][0m Server packages are not going to be (re)installed
[38;5;64m[ADB][0m Adding packages ["io.appium.settings","io.appium.uiautomator2.server","io.appium.uiautomator2.server.test"] to Doze whitelist
[38;5;48m[AndroidUiautomator2Driver@d6c8 (868e242f)][0m Starting UIAutomator2 server 7.0.0
[38;5;48m[AndroidUiautomator2Driver@d6c8 (868e242f)][0m Using UIAutomator2 server from 'C:\Users\Maulana Y\.appium\node_modules\appium-uiautomator2-driver\node_modules\appium-uiautomator2-server\apks\appium-uiautomator2-server-v7.0.0.apk' and test from 'C:\Users\Maulana Y\.appium\node_modules\appium-uiautomator2-driver\node_modules\appium-uiautomator2-server\apks\appium-uiautomator2-server-debug-androidTest.apk'
[38;5;48m[AndroidUiautomator2Driver@d6c8 (868e242f)][0m Waiting up to 30000ms for UiAutomator2 to be online...
[38;5;48m[AndroidUiautomator2Driver@d6c8 (868e242f)][0m socket hang up
[38;5;48m[AndroidUiautomator2Driver@d6c8 (868e242f)][0m socket hang up
[38;5;48m[AndroidUiautomator2Driver@d6c8 (868e242f)][0m Determined the downstream protocol as 'W3C'
[38;5;48m[AndroidUiautomator2Driver@d6c8 (868e242f)][0m Screen already unlocked, doing nothing
[38;5;48m[AndroidUiautomator2Driver@d6c8 (868e242f)][0m Starting 'com.android.settings/.Settings and waiting for 'com.android.settings/.Settings'
[38;5;16m[AppiumDriver@f148][0m New AndroidUiautomator2Driver session created successfully, session 868e242f-587c-40bf-bb43-798d5fa4d7a3 added to master session list
[38;5;0m[HTTP][0m [37m<-- POST /wd/hub/session [39m[32m200[39m [90m14274 ms - 1113[39m
[38;5;0m[HTTP][0m [90m[39m
[38;5;0m[HTTP][0m [37m-->[39m [37mGET[39m [37m/wd/hub/session/868e242f-587c-40bf-bb43-798d5fa4d7a3[39m
[38;5;0m[HTTP][0m [90m{}[39m
[38;5;0m[HTTP][0m [37m<-- GET /wd/hub/session/868e242f-587c-40bf-bb43-798d5fa4d7a3 [39m[32m200[39m [90m13 ms - 328[39m
[38;5;0m[HTTP][0m [90m[39m
[38;5;0m[HTTP][0m [37m-->[39m [37mGET[39m [37m/wd/hub/session/868e242f-587c-40bf-bb43-798d5fa4d7a3[39m
[38;5;0m[HTTP][0m [90m{}[39m
[38;5;0m[HTTP][0m [37m<-- GET /wd/hub/session/868e242f-587c-40bf-bb43-798d5fa4d7a3 [39m[32m200[39m [90m10 ms - 328[39m
[38;5;0m[HTTP][0m [90m[39m
[38;5;0m[HTTP][0m [37m-->[39m [37mGET[39m [37m/wd/hub/status[39m
[38;5;0m[HTTP][0m [90m{}[39m
[38;5;0m[HTTP][0m [37m<-- GET /wd/hub/status [39m[32m200[39m [90m1 ms - 110[39m
[38;5;0m[HTTP][0m [90m[39m
[38;5;0m[HTTP][0m [37m-->[39m [37mPOST[39m [37m/wd/hub/session/868e242f-587c-40bf-bb43-798d5fa4d7a3/timeouts[39m
[38;5;0m[HTTP][0m [90m{"implicit":60000}[39m
[38;5;0m[HTTP][0m [37m<-- POST /wd/hub/session/868e242f-587c-40bf-bb43-798d5fa4d7a3/timeouts [39m[32m200[39m [90m5 ms - 14[39m
[38;5;0m[HTTP][0m [90m[39m
[38;5;0m[HTTP][0m [37m-->[39m [37mGET[39m [37m/wd/hub/session/868e242f-587c-40bf-bb43-798d5fa4d7a3/appium/device/system_bars[39m
[38;5;0m[HTTP][0m [90m{}[39m
[38;5;0m[HTTP][0m [37m<-- GET /wd/hub/session/868e242f-587c-40bf-bb43-798d5fa4d7a3/appium/device/system_bars [39m[31m500[39m [90m10104 ms - 692[39m
[38;5;0m[HTTP][0m [90m[39m
[38;5;0m[HTTP][0m [37m-->[39m [37mPOST[39m [37m/wd/hub/session/868e242f-587c-40bf-bb43-798d5fa4d7a3/execute/sync[39m
[38;5;0m[HTTP][0m [90m{"script":"mobile:viewportRect","args":[]}[39m
[38;5;48m[AndroidUiautomator2Driver@d6c8 (868e242f)][0m Executing method 'mobile: viewportRect'
[38;5;0m[HTTP][0m [37m<-- POST /wd/hub/session/868e242f-587c-40bf-bb43-798d5fa4d7a3/execute/sync [39m[32m200[39m [90m23 ms - 56[39m
[38;5;0m[HTTP][0m [90m[39m
[38;5;0m[HTTP][0m [37m-->[39m [37mPOST[39m [37m/wd/hub/session/868e242f-587c-40bf-bb43-798d5fa4d7a3/appium/device/activate_app[39m
[38;5;0m[HTTP][0m [90m{"bundleId":"com.solodroid.solomerce"}[39m
[38;5;0m[HTTP][0m [37m<-- POST /wd/hub/session/868e242f-587c-40bf-bb43-798d5fa4d7a3/appium/device/activate_app [39m[32m200[39m [90m140 ms - 14[39m
[38;5;0m[HTTP][0m [90m[39m
[38;5;0m[HTTP][0m [37m-->[39m [37mGET[39m [37m/wd/hub/session/868e242f-587c-40bf-bb43-798d5fa4d7a3/source[39m
[38;5;0m[HTTP][0m [90m{}[39m
[38;5;48m[AndroidUiautomator2Driver@d6c8 (868e242f)][0m Driver proxy active, passing request on via HTTP proxy
[38;5;48m[AndroidUiautomator2Driver@d6c8 (868e242f)][0m Replacing sessionId 11b72673-eb44-445a-8c42-6306a0345e63 with 868e242f-587c-40bf-bb43-798d5fa4d7a3
[38;5;0m[HTTP][0m [37m<-- GET /wd/hub/session/868e242f-587c-40bf-bb43-798d5fa4d7a3/source [39m[32m200[39m [90m11027 ms - 3233[39m
[38;5;0m[HTTP][0m [90m[39m
[38;5;0m[HTTP][0m [37m-->[39m [37mGET[39m [37m/wd/hub/session/868e242f-587c-40bf-bb43-798d5fa4d7a3/screenshot[39m
[38;5;0m[HTTP][0m [90m{}[39m
[38;5;0m[HTTP][0m [37m<-- GET /wd/hub/session/868e242f-587c-40bf-bb43-798d5fa4d7a3/screenshot [39m[32m200[39m [90m563 ms - 312100[39m
[38;5;0m[HTTP][0m [90m[39m
[38;5;0m[HTTP][0m [37m-->[39m [37mGET[39m [37m/wd/hub/session/868e242f-587c-40bf-bb43-798d5fa4d7a3/source[39m
[38;5;0m[HTTP][0m [90m{}[39m
[38;5;48m[AndroidUiautomator2Driver@d6c8 (868e242f)][0m Driver proxy active, passing request on via HTTP proxy
[38;5;0m[HTTP][0m [37m<-- GET /wd/hub/session/868e242f-587c-40bf-bb43-798d5fa4d7a3/source [39m[33m400[39m [90m12 ms - 2527[39m
[38;5;0m[HTTP][0m [90m[39m
[38;5;0m[HTTP][0m [37m-->[39m [37mGET[39m [37m/wd/hub/session/868e242f-587c-40bf-bb43-798d5fa4d7a3/screenshot[39m
[38;5;0m[HTTP][0m [90m{}[39m
[38;5;0m[HTTP][0m [37m<-- GET /wd/hub/session/868e242f-587c-40bf-bb43-798d5fa4d7a3/screenshot [39m[31m500[39m [90m7 ms - 1028[39m
[38;5;0m[HTTP][0m [90m[39m
[38;5;0m[HTTP][0m [37m-->[39m [37mGET[39m [37m/wd/hub/session/868e242f-587c-40bf-bb43-798d5fa4d7a3/source[39m
[38;5;0m[HTTP][0m [90m{}[39m
[38;5;48m[AndroidUiautomator2Driver@d6c8 (868e242f)][0m Driver proxy active, passing request on via HTTP proxy
[38;5;0m[HTTP][0m [37m<-- GET /wd/hub/session/868e242f-587c-40bf-bb43-798d5fa4d7a3/source [39m[33m400[39m [90m5 ms - 2527[39m
[38;5;0m[HTTP][0m [90m[39m
[38;5;0m[HTTP][0m [37m-->[39m [37mGET[39m [37m/wd/hub/session/868e242f-587c-40bf-bb43-798d5fa4d7a3/screenshot[39m
[38;5;0m[HTTP][0m [90m{}[39m
[38;5;0m[HTTP][0m [37m<-- GET /wd/hub/session/868e242f-587c-40bf-bb43-798d5fa4d7a3/screenshot [39m[31m500[39m [90m5 ms - 1028[39m
[38;5;0m[HTTP][0m [90m[39m
[38;5;0m[HTTP][0m [37m-->[39m [37mDELETE[39m [37m/wd/hub/session/868e242f-587c-40bf-bb43-798d5fa4d7a3[39m
[38;5;0m[HTTP][0m [90m{}[39m
[38;5;16m[AppiumDriver@f148][0m Removing session 868e242f-587c-40bf-bb43-798d5fa4d7a3 from our master session list
[38;5;48m[AndroidUiautomator2Driver@d6c8 (868e242f)][0m Did not get confirmation UiAutomator2 deleteSession worked; Error was: UnknownError: An unknown server-side error occurred while processing the command. Original error: 'DELETE /' cannot be proxied to UiAutomator2 server because the instrumentation process is not running (probably crashed). Check the server log and/or the logcat output for more details
[38;5;48m[AndroidUiautomator2Driver@d6c8 (868e242f)][0m Restoring hidden api policy to the device default configuration
[38;5;0m[HTTP][0m [37m<-- DELETE /wd/hub/session/868e242f-587c-40bf-bb43-798d5fa4d7a3 [39m[32m200[39m [90m911 ms - 14[39m
[38;5;0m[HTTP][0m [90m[39m
